<?xml version="1.0" encoding="UTF-8"?>
<!-- Generated by org.testng.reporters.JUnitReportReporter -->
<testsuite skipped="0" hostname="DESKTOP-URKGA8H" name="testcases_functionality.TC_Itemcatalog" tests="5" failures="0" timestamp="01 Sep 2018 08:55:49 GMT" time="537.895" errors="0">
  <testcase name="Tc_Itemcatalog_003" time="32.886" classname="testcases_functionality.TC_Itemcatalog"/>
  <testcase name="Tc_Itemcatalog_004" time="13.762" classname="testcases_functionality.TC_Itemcatalog"/>
  <testcase name="Tc_Itemcatalog_001" time="89.260" classname="testcases_functionality.TC_Itemcatalog"/>
  <testcase name="Tc_Itemcatalog_005" time="40.424" classname="testcases_functionality.TC_Itemcatalog"/>
  <testcase name="Tc_Itemcatalog_002" time="361.563" classname="testcases_functionality.TC_Itemcatalog"/>
</testsuite> <!-- testcases_functionality.TC_Itemcatalog -->
