<?xml version="1.0" encoding="UTF-8"?>
<!-- Generated by org.testng.reporters.JUnitReportReporter -->
<testsuite skipped="0" hostname="DESKTOP-URKGA8H" name="testcases_functionality.TC_GL_Codes" tests="3" failures="0" timestamp="01 Sep 2018 14:02:43 GMT" time="97.864" errors="0">
  <testcase name="Tc_Gl_Code_002" time="7.987" classname="testcases_functionality.TC_GL_Codes"/>
  <testcase name="Tc_Gl_Code_003" time="6.780" classname="testcases_functionality.TC_GL_Codes"/>
  <testcase name="Tc_Gl_Code_001" time="83.097" classname="testcases_functionality.TC_GL_Codes"/>
</testsuite> <!-- testcases_functionality.TC_GL_Codes -->
