<?xml version="1.0" encoding="UTF-8"?>
<!-- Generated by org.testng.reporters.JUnitReportReporter -->
<testsuite skipped="0" hostname="DESKTOP-URKGA8H" name="testcases_functionality.TC_Alert" tests="2" failures="0" timestamp="01 Sep 2018 08:29:50 GMT" time="130.176" errors="0">
  <testcase name="Tc_Alert_002" time="44.216" classname="testcases_functionality.TC_Alert"/>
  <testcase name="Tc_Alert_001" time="85.960" classname="testcases_functionality.TC_Alert"/>
</testsuite> <!-- testcases_functionality.TC_Alert -->
