<?xml version="1.0" encoding="UTF-8"?>
<!-- Generated by org.testng.reporters.JUnitReportReporter -->
<testsuite skipped="0" hostname="DESKTOP-URKGA8H" name="testcases_functionality.TC_DisplayPriority" tests="1" failures="0" timestamp="01 Sep 2018 13:35:33 GMT" time="78.380" errors="0">
  <testcase name="Tc_DisplayPriority_002" time="78.380" classname="testcases_functionality.TC_DisplayPriority"/>
</testsuite> <!-- testcases_functionality.TC_DisplayPriority -->
