<?xml version="1.0" encoding="UTF-8"?>
<!-- Generated by org.testng.reporters.JUnitReportReporter -->
<testsuite skipped="0" hostname="DESKTOP-URKGA8H" name="testcases_functionality.TC_Switchuser" tests="1" failures="0" timestamp="01 Sep 2018 08:38:53 GMT" time="99.380" errors="0">
  <testcase name="Tc_Switchuser_003" time="99.380" classname="testcases_functionality.TC_Switchuser"/>
</testsuite> <!-- testcases_functionality.TC_Switchuser -->
