<?xml version="1.0" encoding="UTF-8"?>
<!-- Generated by org.testng.reporters.JUnitReportReporter -->
<testsuite skipped="0" hostname="DESKTOP-URKGA8H" name="testcases_functionality.TC_ScanOut" tests="2" failures="0" timestamp="02 Sep 2018 13:51:24 GMT" time="226.804" errors="0">
  <testcase name="TC_ScanOut_001" time="182.634" classname="testcases_functionality.TC_ScanOut"/>
  <testcase name="TC_ScanOut_002" time="44.170" classname="testcases_functionality.TC_ScanOut"/>
</testsuite> <!-- testcases_functionality.TC_ScanOut -->
