<?xml version="1.0" encoding="UTF-8"?>
<!-- Generated by org.testng.reporters.JUnitReportReporter -->
<testsuite skipped="0" hostname="DESKTOP-URKGA8H" name="testcases_functionality.TC_Changepassword" tests="1" failures="0" timestamp="01 Sep 2018 08:35:18 GMT" time="90.529" errors="0">
  <testcase name="Tc_changepassword_001" time="90.529" classname="testcases_functionality.TC_Changepassword"/>
</testsuite> <!-- testcases_functionality.TC_Changepassword -->
