<?xml version="1.0" encoding="UTF-8"?>
<!-- Generated by org.testng.reporters.JUnitReportReporter -->
<testsuite skipped="0" hostname="DESKTOP-URKGA8H" name="testcases_functionality.TC_Inventorylocation" tests="3" failures="0" timestamp="30 Jul 2018 11:14:02 GMT" time="92.090" errors="0">
  <testcase name="Tc_Inventorylocation_002" time="5.332" classname="testcases_functionality.TC_Inventorylocation"/>
  <testcase name="Tc_Inventorylocation_001" time="79.382" classname="testcases_functionality.TC_Inventorylocation"/>
  <testcase name="Tc_Inventorylocation_003" time="7.376" classname="testcases_functionality.TC_Inventorylocation"/>
</testsuite> <!-- testcases_functionality.TC_Inventorylocation -->
