<?xml version="1.0" encoding="UTF-8"?>
<!-- Generated by org.testng.reporters.JUnitReportReporter -->
<testsuite skipped="0" hostname="DESKTOP-URKGA8H" name="testcases_functionality.TC_GL_Codes" tests="3" failures="0" timestamp="30 Jul 2018 12:13:34 GMT" time="97.660" errors="0">
  <testcase name="Tc_Gl_Code_002" time="8.456" classname="testcases_functionality.TC_GL_Codes"/>
  <testcase name="Tc_Gl_Code_003" time="8.856" classname="testcases_functionality.TC_GL_Codes"/>
  <testcase name="Tc_Gl_Code_001" time="80.348" classname="testcases_functionality.TC_GL_Codes"/>
</testsuite> <!-- testcases_functionality.TC_GL_Codes -->
