<?xml version="1.0" encoding="UTF-8"?>
<!-- Generated by org.testng.reporters.JUnitReportReporter -->
<testsuite skipped="0" hostname="DESKTOP-URKGA8H" name="testcases_functionality.TC_Organization" tests="1" failures="0" timestamp="27 Jul 2018 12:43:34 GMT" time="135.383" errors="0">
  <testcase name="TC_Organization_018" time="135.383" classname="testcases_functionality.TC_Organization"/>
</testsuite> <!-- testcases_functionality.TC_Organization -->
