<?xml version="1.0" encoding="UTF-8"?>
<!-- Generated by org.testng.reporters.JUnitReportReporter -->
<testsuite skipped="0" hostname="DESKTOP-URKGA8H" name="testcases_functionality.TC_Procedure" tests="2" failures="0" timestamp="27 Jul 2018 10:32:19 GMT" time="142.385" errors="0">
  <testcase name="Tc_Procedure_002" time="33.532" classname="testcases_functionality.TC_Procedure"/>
  <testcase name="Tc_Procedure_001" time="108.853" classname="testcases_functionality.TC_Procedure"/>
</testsuite> <!-- testcases_functionality.TC_Procedure -->
