<?xml version="1.0" encoding="UTF-8"?>
<!-- Generated by org.testng.reporters.JUnitReportReporter -->
<testsuite skipped="0" hostname="DESKTOP-URKGA8H" name="testcases_functionality.TC_Template" tests="1" failures="0" timestamp="27 Jul 2018 06:58:13 GMT" time="155.424" errors="0">
  <testcase name="Tc_Template_004" time="155.424" classname="testcases_functionality.TC_Template"/>
</testsuite> <!-- testcases_functionality.TC_Template -->
