<?xml version="1.0" encoding="UTF-8"?>
<!-- Generated by org.testng.reporters.JUnitReportReporter -->
<testsuite skipped="0" hostname="DESKTOP-URKGA8H" name="testcases_functionality.TC_Planner" tests="2" failures="0" timestamp="27 Jul 2018 11:11:19 GMT" time="123.258" errors="0">
  <testcase name="Tc_Planner_01" time="109.428" classname="testcases_functionality.TC_Planner"/>
  <testcase name="Tc_Planner_02" time="13.830" classname="testcases_functionality.TC_Planner"/>
</testsuite> <!-- testcases_functionality.TC_Planner -->
