<?xml version="1.0" encoding="UTF-8"?>
<!-- Generated by org.testng.reporters.JUnitReportReporter -->
<testsuite skipped="0" hostname="DESKTOP-URKGA8H" name="testcases_functionality.TC_ManageInventory" tests="6" failures="0" timestamp="27 Jul 2018 10:24:38 GMT" time="344.880" errors="0">
  <testcase name="TC_ManageInventory_003" time="23.360" classname="testcases_functionality.TC_ManageInventory"/>
  <testcase name="TC_ManageInventory_002" time="59.681" classname="testcases_functionality.TC_ManageInventory"/>
  <testcase name="TC_ManageInventory_004" time="62.476" classname="testcases_functionality.TC_ManageInventory"/>
  <testcase name="TC_ManageInventory_006" time="9.137" classname="testcases_functionality.TC_ManageInventory"/>
  <testcase name="TC_ManageInventory_005" time="94.269" classname="testcases_functionality.TC_ManageInventory"/>
  <testcase name="TC_ManageInventory_001" time="95.957" classname="testcases_functionality.TC_ManageInventory"/>
</testsuite> <!-- testcases_functionality.TC_ManageInventory -->
