<?xml version="1.0" encoding="UTF-8"?>
<!-- Generated by org.testng.reporters.JUnitReportReporter -->
<testsuite skipped="0" hostname="DESKTOP-URKGA8H" name="testcases_functionality.TC_Patients" tests="2" failures="0" timestamp="27 Jul 2018 10:45:32 GMT" time="191.075" errors="0">
  <testcase name="Tc_Patients_01" time="122.264" classname="testcases_functionality.TC_Patients"/>
  <testcase name="Tc_Patients_02" time="68.811" classname="testcases_functionality.TC_Patients"/>
</testsuite> <!-- testcases_functionality.TC_Patients -->
