<?xml version="1.0" encoding="UTF-8"?>
<!-- Generated by org.testng.reporters.JUnitReportReporter -->
<testsuite skipped="0" hostname="DESKTOP-URKGA8H" name="testcases_functionality.TC_Barcode" tests="1" failures="0" timestamp="30 Jul 2018 11:20:02 GMT" time="280.688" errors="0">
  <testcase name="Tc_Barcode_001" time="280.688" classname="testcases_functionality.TC_Barcode"/>
</testsuite> <!-- testcases_functionality.TC_Barcode -->
