<?xml version="1.0" encoding="UTF-8"?>
<!-- Generated by org.testng.reporters.JUnitReportReporter -->
<testsuite skipped="0" hostname="DESKTOP-URKGA8H" name="testcases_functionality.TC_Switchuser" tests="1" failures="0" timestamp="30 Jul 2018 10:40:32 GMT" time="167.452" errors="0">
  <testcase name="Tc_Switchuser_003" time="167.452" classname="testcases_functionality.TC_Switchuser"/>
</testsuite> <!-- testcases_functionality.TC_Switchuser -->
