<?xml version="1.0" encoding="UTF-8"?>
<!-- Generated by org.testng.reporters.JUnitReportReporter -->
<testsuite skipped="0" hostname="DESKTOP-URKGA8H" name="testcases_functionality.TC_InventoryTransformation" tests="3" failures="0" timestamp="31 Jul 2018 14:07:23 GMT" time="147.307" errors="0">
  <testcase name="Tc_InventoryItemTransaction_003" time="9.235" classname="testcases_functionality.TC_InventoryTransformation"/>
  <testcase name="Tc_InventoryItemTransaction_002" time="34.789" classname="testcases_functionality.TC_InventoryTransformation"/>
  <testcase name="Tc_InventoryItemTransaction_001" time="103.283" classname="testcases_functionality.TC_InventoryTransformation"/>
</testsuite> <!-- testcases_functionality.TC_InventoryTransformation -->
