<?xml version="1.0" encoding="UTF-8"?>
<!-- Generated by org.testng.reporters.JUnitReportReporter -->
<testsuite skipped="0" hostname="DESKTOP-URKGA8H" name="testcases_functionality.TC_PriceTire" tests="4" failures="0" timestamp="30 Jul 2018 11:32:50 GMT" time="116.869" errors="0">
  <testcase name="Tc_PriceTire_002" time="10.981" classname="testcases_functionality.TC_PriceTire"/>
  <testcase name="Tc_PriceTire_003" time="16.929" classname="testcases_functionality.TC_PriceTire"/>
  <testcase name="Tc_PriceTire_004" time="10.459" classname="testcases_functionality.TC_PriceTire"/>
  <testcase name="Tc_PriceTire_001" time="78.500" classname="testcases_functionality.TC_PriceTire"/>
</testsuite> <!-- testcases_functionality.TC_PriceTire -->
