<?xml version="1.0" encoding="UTF-8"?>
<!-- Generated by org.testng.reporters.JUnitReportReporter -->
<testsuite skipped="0" hostname="DESKTOP-URKGA8H" name="testcases_functionality.TC_Vendor" tests="4" failures="0" timestamp="30 Jul 2018 11:25:28 GMT" time="214.552" errors="0">
  <testcase name="Tc_Vendor_004" time="36.316" classname="testcases_functionality.TC_Vendor"/>
  <testcase name="Tc_Vendor_002" time="18.604" classname="testcases_functionality.TC_Vendor"/>
  <testcase name="Tc_Vendor_001" time="83.330" classname="testcases_functionality.TC_Vendor"/>
  <testcase name="Tc_Vendor_003" time="76.302" classname="testcases_functionality.TC_Vendor"/>
</testsuite> <!-- testcases_functionality.TC_Vendor -->
