<?xml version="1.0" encoding="UTF-8"?>
<!-- Generated by org.testng.reporters.JUnitReportReporter -->
<testsuite skipped="0" hostname="DESKTOP-URKGA8H" name="testcases_functionality.TC_Users" tests="2" failures="0" timestamp="30 Jul 2018 09:02:52 GMT" time="319.065" errors="0">
  <testcase name="Tc_User_001" time="77.968" classname="testcases_functionality.TC_Users"/>
  <testcase name="Tc_User_002" time="241.097" classname="testcases_functionality.TC_Users"/>
</testsuite> <!-- testcases_functionality.TC_Users -->
