<?xml version="1.0" encoding="UTF-8"?>
<!-- Generated by org.testng.reporters.JUnitReportReporter -->
<testsuite skipped="0" hostname="DESKTOP-URKGA8H" name="testcases_functionality.TC_CasesCosting" tests="1" failures="0" timestamp="27 Jul 2018 11:48:05 GMT" time="1035.837" errors="0">
  <testcase name="Tc_CasesCosting_01" time="1035.837" classname="testcases_functionality.TC_CasesCosting"/>
</testsuite> <!-- testcases_functionality.TC_CasesCosting -->
