<?xml version="1.0" encoding="UTF-8"?>
<!-- Generated by org.testng.reporters.JUnitReportReporter -->
<testsuite skipped="0" hostname="DESKTOP-URKGA8H" name="testcases_functionality.TC_Alert" tests="2" failures="0" timestamp="30 Jul 2018 10:19:03 GMT" time="147.355" errors="0">
  <testcase name="Tc_Alert_001" time="62.045" classname="testcases_functionality.TC_Alert"/>
  <testcase name="Tc_Alert_002" time="85.310" classname="testcases_functionality.TC_Alert"/>
</testsuite> <!-- testcases_functionality.TC_Alert -->
