<?xml version="1.0" encoding="UTF-8"?>
<!-- Generated by org.testng.reporters.JUnitReportReporter -->
<testsuite skipped="0" hostname="DESKTOP-URKGA8H" name="testcases_functionality.TC_ScanOut" tests="1" failures="0" timestamp="27 Jul 2018 07:43:44 GMT" time="250.050" errors="0">
  <testcase name="TC_ScanOut_001" time="250.050" classname="testcases_functionality.TC_ScanOut"/>
</testsuite> <!-- testcases_functionality.TC_ScanOut -->
