<?xml version="1.0" encoding="UTF-8"?>
<!-- Generated by org.testng.reporters.JUnitReportReporter -->
<testsuite skipped="0" hostname="DESKTOP-URKGA8H" name="testCases.Receive" tests="12" failures="0" timestamp="11 Jul 2018 04:55:19 GMT" time="328.712" errors="0">
  <testcase name="Tc_Receive_10" time="14.217" classname="testCases.Receive"/>
  <testcase name="Tc_Receive_05_06" time="61.820" classname="testCases.Receive"/>
  <testcase name="Tc_Receive_01" time="55.541" classname="testCases.Receive"/>
  <testcase name="Tc_Receive_11" time="13.520" classname="testCases.Receive"/>
  <testcase name="Tc_Receive_09" time="13.445" classname="testCases.Receive"/>
  <testcase name="Tc_Receive_12" time="14.364" classname="testCases.Receive"/>
  <testcase name="Tc_Receive_20" time="41.054" classname="testCases.Receive"/>
  <testcase name="Tc_Receive_21" time="21.105" classname="testCases.Receive"/>
  <testcase name="Tc_Receive_07_19" time="22.457" classname="testCases.Receive"/>
  <testcase name="Tc_Receive_03" time="16.506" classname="testCases.Receive"/>
  <testcase name="Tc_Receive_017" time="40.771" classname="testCases.Receive"/>
  <testcase name="Tc_Receive_014" time="13.912" classname="testCases.Receive"/>
</testsuite> <!-- testCases.Receive -->
