<?xml version="1.0" encoding="UTF-8"?>
<!-- Generated by org.testng.reporters.JUnitReportReporter -->
<testsuite skipped="0" hostname="DESKTOP-URKGA8H" name="testcases_functionality.TC_VendorAcountSetup" tests="2" failures="0" timestamp="05 Jul 2018 04:02:31 GMT" time="123.513" errors="0">
  <testcase name="Tc_VendorAccSetup_002" time="24.097" classname="testcases_functionality.TC_VendorAcountSetup"/>
  <testcase name="Tc_VendorAccSetup_001" time="99.416" classname="testcases_functionality.TC_VendorAcountSetup"/>
</testsuite> <!-- testcases_functionality.TC_VendorAcountSetup -->
