<?xml version="1.0" encoding="UTF-8"?>
<!-- Generated by org.testng.reporters.JUnitReportReporter -->
<testsuite skipped="0" hostname="DESKTOP-URKGA8H" name="testcases_functionality.TC_Facility" tests="1" failures="0" timestamp="11 May 2018 13:23:16 GMT" time="65.871" errors="0">
  <testcase name="Tc_Facility_003" time="65.871" classname="testcases_functionality.TC_Facility"/>
</testsuite> <!-- testcases_functionality.TC_Facility -->
