<?xml version="1.0" encoding="UTF-8"?>
<!-- Generated by org.testng.reporters.JUnitReportReporter -->
<testsuite skipped="0" hostname="DESKTOP-URKGA8H" name="testcases_functionality.TC_Template" tests="5" failures="0" timestamp="05 Jul 2018 05:29:15 GMT" time="460.855" errors="0">
  <testcase name="Tc_Template_001" time="189.537" classname="testcases_functionality.TC_Template"/>
  <testcase name="Tc_Template_003" time="48.909" classname="testcases_functionality.TC_Template"/>
  <testcase name="Tc_Template_002" time="67.060" classname="testcases_functionality.TC_Template"/>
  <testcase name="Tc_Template_005" time="137.503" classname="testcases_functionality.TC_Template"/>
  <testcase name="Tc_Template_004" time="17.846" classname="testcases_functionality.TC_Template"/>
</testsuite> <!-- testcases_functionality.TC_Template -->
