<?xml version="1.0" encoding="UTF-8"?>
<!-- Generated by org.testng.reporters.JUnitReportReporter -->
<testsuite skipped="0" hostname="DESKTOP-URKGA8H" name="testcases_functionality.TC_Department" tests="1" failures="0" timestamp="14 May 2018 07:53:23 GMT" time="57.840" errors="0">
  <testcase name="Tc_Department_002" time="57.840" classname="testcases_functionality.TC_Department"/>
</testsuite> <!-- testcases_functionality.TC_Department -->
