<?xml version="1.0" encoding="UTF-8"?>
<!-- Generated by org.testng.reporters.JUnitReportReporter -->
<testsuite skipped="0" hostname="DESKTOP-URKGA8H" name="testcases_functionality.TC_Inventorylocation" tests="3" failures="0" timestamp="05 Jul 2018 03:48:32 GMT" time="98.710" errors="0">
  <testcase name="Tc_Inventorylocation_002" time="6.413" classname="testcases_functionality.TC_Inventorylocation"/>
  <testcase name="Tc_Inventorylocation_001" time="84.853" classname="testcases_functionality.TC_Inventorylocation"/>
  <testcase name="Tc_Inventorylocation_003" time="7.444" classname="testcases_functionality.TC_Inventorylocation"/>
</testsuite> <!-- testcases_functionality.TC_Inventorylocation -->
