<?xml version="1.0" encoding="UTF-8"?>
<!-- Generated by org.testng.reporters.JUnitReportReporter -->
<testsuite skipped="0" hostname="DESKTOP-URKGA8H" name="testcases_functionality.TC_ApprovedPo" tests="1" failures="0" timestamp="14 Jun 2018 13:15:00 GMT" time="121.268" errors="0">
  <testcase name="Tc_ApprovedPo_007" time="121.268" classname="testcases_functionality.TC_ApprovedPo"/>
</testsuite> <!-- testcases_functionality.TC_ApprovedPo -->
