<?xml version="1.0" encoding="UTF-8"?>
<!-- Generated by org.testng.reporters.JUnitReportReporter -->
<testsuite skipped="0" hostname="DESKTOP-URKGA8H" name="testcases_functionality.TC_Notification" tests="1" failures="0" timestamp="10 May 2018 09:02:39 GMT" time="36.501" errors="0">
  <testcase name="Tc_Notification_001" time="36.501" classname="testcases_functionality.TC_Notification"/>
</testsuite> <!-- testcases_functionality.TC_Notification -->
