<?xml version="1.0" encoding="UTF-8"?>
<!-- Generated by org.testng.reporters.JUnitReportReporter -->
<testsuite skipped="0" hostname="DESKTOP-URKGA8H" name="testcases_functionality.TC_Physicians" tests="1" failures="0" timestamp="12 Jul 2018 06:18:40 GMT" time="86.826" errors="0">
  <testcase name="Tc_Physicians_001" time="86.826" classname="testcases_functionality.TC_Physicians"/>
</testsuite> <!-- testcases_functionality.TC_Physicians -->
