<?xml version="1.0" encoding="UTF-8"?>
<!-- Generated by org.testng.reporters.JUnitReportReporter -->
<testsuite skipped="0" hostname="DESKTOP-URKGA8H" name="testcases_functionality.TC_Itemcategories" tests="1" failures="0" timestamp="16 May 2018 07:13:12 GMT" time="70.297" errors="0">
  <testcase name="Tc_Itemcategories_001" time="70.297" classname="testcases_functionality.TC_Itemcategories"/>
</testsuite> <!-- testcases_functionality.TC_Itemcategories -->
