<?xml version="1.0" encoding="UTF-8"?>
<!-- Generated by org.testng.reporters.JUnitReportReporter -->
<testsuite skipped="0" hostname="DESKTOP-URKGA8H" name="testcases_functionality.TC_GL_Codes" tests="3" failures="0" timestamp="05 Jul 2018 04:26:38 GMT" time="86.032" errors="0">
  <testcase name="Tc_Gl_Code_002" time="7.927" classname="testcases_functionality.TC_GL_Codes"/>
  <testcase name="Tc_Gl_Code_003" time="16.433" classname="testcases_functionality.TC_GL_Codes"/>
  <testcase name="Tc_Gl_Code_001" time="61.672" classname="testcases_functionality.TC_GL_Codes"/>
</testsuite> <!-- testcases_functionality.TC_GL_Codes -->
