<?xml version="1.0" encoding="UTF-8"?>
<!-- Generated by org.testng.reporters.JUnitReportReporter -->
<testsuite skipped="0" hostname="DESKTOP-URKGA8H" name="testcases_functionality.TC_Users" tests="2" failures="0" timestamp="12 Jul 2018 05:31:02 GMT" time="215.635" errors="0">
  <testcase name="Tc_User_001" time="38.705" classname="testcases_functionality.TC_Users"/>
  <testcase name="Tc_User_002" time="176.930" classname="testcases_functionality.TC_Users"/>
</testsuite> <!-- testcases_functionality.TC_Users -->
