<?xml version="1.0" encoding="UTF-8"?>
<!-- Generated by org.testng.reporters.JUnitReportReporter -->
<testsuite skipped="0" hostname="DESKTOP-URKGA8H" name="testCases.Procedures" tests="4" failures="0" timestamp="11 Jul 2018 05:09:05 GMT" time="116.828" errors="0">
  <testcase name="Tc_Procedures_05_06" time="9.244" classname="testCases.Procedures"/>
  <testcase name="Tc_Procedures_07" time="19.813" classname="testCases.Procedures"/>
  <testcase name="Tc_Procedures_04" time="22.094" classname="testCases.Procedures"/>
  <testcase name="Tc_Procedures_01_02_03" time="65.677" classname="testCases.Procedures"/>
</testsuite> <!-- testCases.Procedures -->
