<?xml version="1.0" encoding="UTF-8"?>
<!-- Generated by org.testng.reporters.JUnitReportReporter -->
<testsuite skipped="0" hostname="DESKTOP-URKGA8H" name="testcases_functionality.TC_Procedure" tests="2" failures="0" timestamp="12 Jul 2018 06:22:18 GMT" time="136.599" errors="0">
  <testcase name="Tc_Procedure_001" time="105.072" classname="testcases_functionality.TC_Procedure"/>
  <testcase name="Tc_Procedure_002" time="31.527" classname="testcases_functionality.TC_Procedure"/>
</testsuite> <!-- testcases_functionality.TC_Procedure -->
