<?xml version="1.0" encoding="UTF-8"?>
<!-- Generated by org.testng.reporters.JUnitReportReporter -->
<testsuite skipped="0" hostname="DESKTOP-URKGA8H" name="testcases_functionality.TC_InventoryTransformation" tests="1" failures="0" timestamp="20 Jul 2018 13:24:31 GMT" time="129.277" errors="0">
  <testcase name="Tc_InventoryItemTransaction_002" time="129.277" classname="testcases_functionality.TC_InventoryTransformation"/>
</testsuite> <!-- testcases_functionality.TC_InventoryTransformation -->
