<?xml version="1.0" encoding="UTF-8"?>
<!-- Generated by org.testng.reporters.JUnitReportReporter -->
<testsuite skipped="0" hostname="DESKTOP-URKGA8H" name="testcases_functionality.TC_Vendor" tests="4" failures="0" timestamp="05 Jul 2018 03:54:38 GMT" time="169.955" errors="0">
  <testcase name="Tc_Vendor_004" time="29.941" classname="testcases_functionality.TC_Vendor"/>
  <testcase name="Tc_Vendor_002" time="19.073" classname="testcases_functionality.TC_Vendor"/>
  <testcase name="Tc_Vendor_001" time="67.797" classname="testcases_functionality.TC_Vendor"/>
  <testcase name="Tc_Vendor_003" time="53.144" classname="testcases_functionality.TC_Vendor"/>
</testsuite> <!-- testcases_functionality.TC_Vendor -->
