<?xml version="1.0" encoding="UTF-8"?>
<!-- Generated by org.testng.reporters.JUnitReportReporter -->
<testsuite skipped="0" hostname="DESKTOP-URKGA8H" name="testcases_functionality.TC_InvoicePaymentTerms" tests="1" failures="0" timestamp="25 May 2018 10:14:23 GMT" time="103.601" errors="0">
  <testcase name="Tc_InvoicePaymentTerms_002" time="103.601" classname="testcases_functionality.TC_InvoicePaymentTerms"/>
</testsuite> <!-- testcases_functionality.TC_InvoicePaymentTerms -->
