<?xml version="1.0" encoding="UTF-8"?>
<!-- Generated by org.testng.reporters.JUnitReportReporter -->
<testsuite skipped="0" hostname="DESKTOP-URKGA8H" name="testCases.Cases" tests="2" failures="0" timestamp="11 Jul 2018 05:10:28 GMT" time="56.052" errors="0">
  <testcase name="Tc_Cases_02" time="9.074" classname="testCases.Cases"/>
  <testcase name="Tc_Cases_01" time="46.978" classname="testCases.Cases"/>
</testsuite> <!-- testCases.Cases -->
