<?xml version="1.0" encoding="UTF-8"?>
<!-- Generated by org.testng.reporters.JUnitReportReporter -->
<testsuite skipped="0" hostname="DESKTOP-URKGA8H" name="testcases_functionality.TC_Cases" tests="1" failures="0" timestamp="16 Jul 2018 13:35:55 GMT" time="134.855" errors="0">
  <testcase name="Tc_Cases_01" time="134.855" classname="testcases_functionality.TC_Cases"/>
</testsuite> <!-- testcases_functionality.TC_Cases -->
