<?xml version="1.0" encoding="UTF-8"?>
<!-- Generated by org.testng.reporters.JUnitReportReporter -->
<testsuite skipped="0" hostname="DESKTOP-URKGA8H" name="testCases.PrefCard" tests="11" failures="0" timestamp="11 Jul 2018 04:19:17 GMT" time="453.240" errors="0">
  <testcase name="Tc_prefCard_010" time="26.741" classname="testCases.PrefCard"/>
  <testcase name="Tc_prefCard_02" time="12.428" classname="testCases.PrefCard"/>
  <testcase name="Tc_prefCard_03_04" time="14.621" classname="testCases.PrefCard"/>
  <testcase name="Tc_prefCard_12" time="63.346" classname="testCases.PrefCard"/>
  <testcase name="Tc_prefCard_14" time="190.647" classname="testCases.PrefCard"/>
  <testcase name="Tc_prefCard_01" time="24.552" classname="testCases.PrefCard"/>
  <testcase name="Tc_prefCard_15" time="8.473" classname="testCases.PrefCard"/>
  <testcase name="Tc_prefCard_06" time="19.659" classname="testCases.PrefCard"/>
  <testcase name="Tc_prefCard_09" time="18.727" classname="testCases.PrefCard"/>
  <testcase name="Tc_prefCard_07" time="56.392" classname="testCases.PrefCard"/>
  <testcase name="Tc_prefCard_08" time="17.654" classname="testCases.PrefCard"/>
</testsuite> <!-- testCases.PrefCard -->
