<?xml version="1.0" encoding="UTF-8"?>
<!-- Generated by org.testng.reporters.JUnitReportReporter -->
<testsuite skipped="0" hostname="DESKTOP-URKGA8H" name="testcases_functionality.TC_ScanOut" tests="2" failures="0" timestamp="03 Jul 2018 09:12:03 GMT" time="167.649" errors="0">
  <testcase name="TC_ScanOut_001" time="134.547" classname="testcases_functionality.TC_ScanOut"/>
  <testcase name="TC_ScanOut_002" time="33.102" classname="testcases_functionality.TC_ScanOut"/>
</testsuite> <!-- testcases_functionality.TC_ScanOut -->
