<?xml version="1.0" encoding="UTF-8"?>
<!-- Generated by org.testng.reporters.JUnitReportReporter -->
<testsuite skipped="0" hostname="DESKTOP-URKGA8H" name="testcases_functionality.TC_Switchuser" tests="1" failures="0" timestamp="10 May 2018 11:18:34 GMT" time="108.291" errors="0">
  <testcase name="Tc_Switchuser_001" time="108.291" classname="testcases_functionality.TC_Switchuser"/>
</testsuite> <!-- testcases_functionality.TC_Switchuser -->
