<?xml version="1.0" encoding="UTF-8"?>
<!-- Generated by org.testng.reporters.JUnitReportReporter -->
<testsuite skipped="0" hostname="DESKTOP-URKGA8H" name="testcases_functionality.TC_DisplayPriority" tests="1" failures="0" timestamp="05 Jul 2018 04:12:56 GMT" time="33.058" errors="0">
  <testcase name="Tc_DisplayPriority_001" time="33.058" classname="testcases_functionality.TC_DisplayPriority"/>
</testsuite> <!-- testcases_functionality.TC_DisplayPriority -->
