<?xml version="1.0" encoding="UTF-8"?>
<!-- Generated by org.testng.reporters.JUnitReportReporter -->
<testsuite skipped="0" hostname="DESKTOP-URKGA8H" name="testcases_functionality.TC_Login" tests="1" failures="0" timestamp="09 May 2018 10:02:14 GMT" time="72.048" errors="0">
  <testcase name="Tc_Login_001" time="72.048" classname="testcases_functionality.TC_Login"/>
</testsuite> <!-- testcases_functionality.TC_Login -->
