<?xml version="1.0" encoding="UTF-8"?>
<!-- Generated by org.testng.reporters.JUnitReportReporter -->
<testsuite skipped="0" hostname="DESKTOP-URKGA8H" name="testCases.RequestService" tests="5" failures="0" timestamp="11 Jul 2018 04:24:34 GMT" time="124.220" errors="0">
  <testcase name="Tc_SPO_05" time="13.071" classname="testCases.RequestService"/>
  <testcase name="Tc_SPO_01" time="86.036" classname="testCases.RequestService"/>
  <testcase name="Tc_SPO_02" time="9.318" classname="testCases.RequestService"/>
  <testcase name="Tc_SPO_04" time="8.318" classname="testCases.RequestService"/>
  <testcase name="Tc_SPO_03" time="7.477" classname="testCases.RequestService"/>
</testsuite> <!-- testCases.RequestService -->
