<?xml version="1.0" encoding="UTF-8"?>
<!-- Generated by org.testng.reporters.JUnitReportReporter -->
<testsuite skipped="0" hostname="DESKTOP-URKGA8H" name="testcases_functionality.TC_Itemcatalog" tests="1" failures="0" timestamp="11 Jul 2018 11:42:57 GMT" time="258.389" errors="0">
  <testcase name="Tc_Itemcatalog_002" time="258.389" classname="testcases_functionality.TC_Itemcatalog"/>
</testsuite> <!-- testcases_functionality.TC_Itemcatalog -->
