<?xml version="1.0" encoding="UTF-8"?>
<!-- Generated by org.testng.reporters.JUnitReportReporter -->
<testsuite skipped="0" hostname="DESKTOP-URKGA8H" name="testCases.OperatingRoom" tests="1" failures="0" timestamp="11 Jul 2018 05:28:40 GMT" time="60.540" errors="0">
  <testcase name="Tc_OP_01_02" time="60.540" classname="testCases.OperatingRoom"/>
</testsuite> <!-- testCases.OperatingRoom -->
