<?xml version="1.0" encoding="UTF-8"?>
<!-- Generated by org.testng.reporters.JUnitReportReporter -->
<testsuite skipped="0" hostname="DESKTOP-URKGA8H" name="testCases.ManageInventory" tests="5" failures="0" timestamp="11 Jul 2018 04:27:50 GMT" time="171.852" errors="0">
  <testcase name="Tc_manageInv_05_06" time="14.429" classname="testCases.ManageInventory"/>
  <testcase name="Tc_manageInv_07" time="9.092" classname="testCases.ManageInventory"/>
  <testcase name="Tc_manageInv_02_09" time="8.943" classname="testCases.ManageInventory"/>
  <testcase name="Tc_manageInv_01" time="67.805" classname="testCases.ManageInventory"/>
  <testcase name="Tc_manageInv_03" time="71.583" classname="testCases.ManageInventory"/>
</testsuite> <!-- testCases.ManageInventory -->
