<?xml version="1.0" encoding="UTF-8"?>
<!-- Generated by org.testng.reporters.JUnitReportReporter -->
<testsuite skipped="0" hostname="DESKTOP-URKGA8H" name="testCases.Patients" tests="7" failures="0" timestamp="11 Jul 2018 05:25:25 GMT" time="266.355" errors="0">
  <testcase name="Tc_Patients_07" time="29.157" classname="testCases.Patients"/>
  <testcase name="Tc_Patients_10" time="112.299" classname="testCases.Patients"/>
  <testcase name="Tc_Patients_11" time="13.950" classname="testCases.Patients"/>
  <testcase name="Tc_Patients_05" time="14.475" classname="testCases.Patients"/>
  <testcase name="Tc_Patients_03" time="13.134" classname="testCases.Patients"/>
  <testcase name="Tc_Patients_08_09" time="55.962" classname="testCases.Patients"/>
  <testcase name="Tc_Patients_01_02" time="27.378" classname="testCases.Patients"/>
</testsuite> <!-- testCases.Patients -->
