<?xml version="1.0" encoding="UTF-8"?>
<!-- Generated by org.testng.reporters.JUnitReportReporter -->
<testsuite skipped="0" hostname="DESKTOP-URKGA8H" name="testcases_functionality.TC_Alert" tests="2" failures="0" timestamp="20 Jul 2018 12:28:00 GMT" time="142.657" errors="0">
  <testcase name="Tc_Alert_002" time="69.142" classname="testcases_functionality.TC_Alert"/>
  <testcase name="Tc_Alert_001" time="73.515" classname="testcases_functionality.TC_Alert"/>
</testsuite> <!-- testcases_functionality.TC_Alert -->
