<?xml version="1.0" encoding="UTF-8"?>
<!-- Generated by org.testng.reporters.JUnitReportReporter -->
<testsuite skipped="0" hostname="DESKTOP-URKGA8H" name="testcases_functionality.TC_Changepassword" tests="1" failures="0" timestamp="10 May 2018 10:25:03 GMT" time="123.482" errors="0">
  <testcase name="Tc_changepassword_001" time="123.482" classname="testcases_functionality.TC_Changepassword"/>
</testsuite> <!-- testcases_functionality.TC_Changepassword -->
