<?xml version="1.0" encoding="UTF-8"?>
<!-- Generated by org.testng.reporters.JUnitReportReporter -->
<testsuite skipped="0" hostname="DESKTOP-URKGA8H" name="testcases_functionality.TC_PreferenceCards" tests="3" failures="0" timestamp="12 Jul 2018 06:43:50 GMT" time="271.560" errors="0">
  <testcase name="Tc_PreferenceCards_001" time="221.517" classname="testcases_functionality.TC_PreferenceCards"/>
  <testcase name="Tc_PreferenceCards_003" time="32.064" classname="testcases_functionality.TC_PreferenceCards"/>
  <testcase name="Tc_PreferenceCards_002" time="17.979" classname="testcases_functionality.TC_PreferenceCards"/>
</testsuite> <!-- testcases_functionality.TC_PreferenceCards -->
