<?xml version="1.0" encoding="UTF-8"?>
<!-- Generated by org.testng.reporters.JUnitReportReporter -->
<testsuite skipped="0" hostname="DESKTOP-URKGA8H" name="testcases_functionality.TC_ShopCart" tests="1" failures="0" timestamp="07 Jun 2018 05:23:53 GMT" time="201.720" errors="0">
  <testcase name="TC_ShopCart_009" time="201.720" classname="testcases_functionality.TC_ShopCart"/>
</testsuite> <!-- testcases_functionality.TC_ShopCart -->
