<?xml version="1.0" encoding="UTF-8"?>
<!-- Generated by org.testng.reporters.JUnitReportReporter -->
<testsuite skipped="0" hostname="DESKTOP-URKGA8H" name="testcases_functionality.TC_PriceTire" tests="4" failures="0" timestamp="05 Jul 2018 04:06:48 GMT" time="87.836" errors="0">
  <testcase name="Tc_PriceTire_002" time="8.451" classname="testcases_functionality.TC_PriceTire"/>
  <testcase name="Tc_PriceTire_003" time="16.030" classname="testcases_functionality.TC_PriceTire"/>
  <testcase name="Tc_PriceTire_004" time="11.323" classname="testcases_functionality.TC_PriceTire"/>
  <testcase name="Tc_PriceTire_001" time="52.032" classname="testcases_functionality.TC_PriceTire"/>
</testsuite> <!-- testcases_functionality.TC_PriceTire -->
