<?xml version="1.0" encoding="UTF-8"?>
<!-- Generated by org.testng.reporters.JUnitReportReporter -->
<testsuite skipped="0" hostname="DESKTOP-URKGA8H" name="testCases.Organization" tests="1" failures="0" timestamp="11 Jul 2018 05:26:54 GMT" time="29.132" errors="0">
  <testcase name="TC_ORG_01" time="29.132" classname="testCases.Organization"/>
</testsuite> <!-- testCases.Organization -->
