<?xml version="1.0" encoding="UTF-8"?>
<!-- Generated by org.testng.reporters.JUnitReportReporter -->
<testsuite skipped="0" hostname="DESKTOP-URKGA8H" name="testCases.Users" tests="5" failures="0" timestamp="11 Jul 2018 04:42:45 GMT" time="108.487" errors="0">
  <testcase name="Tc_Users_09" time="8.060" classname="testCases.Users"/>
  <testcase name="Tc_Users_04_08" time="11.411" classname="testCases.Users"/>
  <testcase name="Tc_Users_01" time="43.877" classname="testCases.Users"/>
  <testcase name="Tc_Users_03_08" time="9.748" classname="testCases.Users"/>
  <testcase name="Tc_Users_02" time="35.391" classname="testCases.Users"/>
</testsuite> <!-- testCases.Users -->
