<?xml version="1.0" encoding="UTF-8"?>
<!-- Generated by org.testng.reporters.JUnitReportReporter -->
<testsuite skipped="0" hostname="DESKTOP-URKGA8H" name="testcases_functionality.TC_ScanOut" tests="2" failures="0" timestamp="04 Aug 2018 05:04:41 GMT" time="194.928" errors="0">
  <testcase name="TC_ScanOut_001" time="141.643" classname="testcases_functionality.TC_ScanOut"/>
  <testcase name="TC_ScanOut_002" time="53.285" classname="testcases_functionality.TC_ScanOut"/>
</testsuite> <!-- testcases_functionality.TC_ScanOut -->
