<?xml version="1.0" encoding="UTF-8"?>
<!-- Generated by org.testng.reporters.JUnitReportReporter -->
<testsuite skipped="0" hostname="DESKTOP-URKGA8H" name="testcases_functionality.TC_Planner" tests="2" failures="0" timestamp="04 Aug 2018 05:36:59 GMT" time="112.410" errors="0">
  <testcase name="Tc_Planner_01" time="98.009" classname="testcases_functionality.TC_Planner"/>
  <testcase name="Tc_Planner_02" time="14.401" classname="testcases_functionality.TC_Planner"/>
</testsuite> <!-- testcases_functionality.TC_Planner -->
