<?xml version="1.0" encoding="UTF-8"?>
<!-- Generated by org.testng.reporters.JUnitReportReporter -->
<testsuite skipped="0" hostname="DESKTOP-URKGA8H" name="testcases_functionality.TC_DisplayPriority" tests="1" failures="0" timestamp="03 Aug 2018 17:42:46 GMT" time="89.023" errors="0">
  <testcase name="Tc_DisplayPriority_002" time="89.023" classname="testcases_functionality.TC_DisplayPriority"/>
</testsuite> <!-- testcases_functionality.TC_DisplayPriority -->
