<?xml version="1.0" encoding="UTF-8"?>
<!-- Generated by org.testng.reporters.JUnitReportReporter -->
<testsuite skipped="0" hostname="DESKTOP-URKGA8H" name="testcases_functionality.TC_Barcode" tests="1" failures="0" timestamp="04 Aug 2018 06:48:40 GMT" time="139.520" errors="0">
  <testcase name="Tc_Barcode_001" time="139.520" classname="testcases_functionality.TC_Barcode"/>
</testsuite> <!-- testcases_functionality.TC_Barcode -->
