<?xml version="1.0" encoding="UTF-8"?>
<!-- Generated by org.testng.reporters.JUnitReportReporter -->
<testsuite skipped="0" hostname="DESKTOP-URKGA8H" name="testcases_functionality.TC_Inventorylocation" tests="3" failures="0" timestamp="03 Aug 2018 17:13:06 GMT" time="118.358" errors="0">
  <testcase name="Tc_Inventorylocation_002" time="7.296" classname="testcases_functionality.TC_Inventorylocation"/>
  <testcase name="Tc_Inventorylocation_003" time="10.025" classname="testcases_functionality.TC_Inventorylocation"/>
  <testcase name="Tc_Inventorylocation_001" time="101.037" classname="testcases_functionality.TC_Inventorylocation"/>
</testsuite> <!-- testcases_functionality.TC_Inventorylocation -->
