<?xml version="1.0" encoding="UTF-8"?>
<!-- Generated by org.testng.reporters.JUnitReportReporter -->
<testsuite skipped="0" hostname="DESKTOP-URKGA8H" name="testcases_functionality.TC_Manufacturers" tests="1" failures="0" timestamp="03 Aug 2018 17:59:55 GMT" time="120.646" errors="0">
  <testcase name="TC_Manufacturers_001" time="120.646" classname="testcases_functionality.TC_Manufacturers"/>
</testsuite> <!-- testcases_functionality.TC_Manufacturers -->
