<?xml version="1.0" encoding="UTF-8"?>
<!-- Generated by org.testng.reporters.JUnitReportReporter -->
<testsuite skipped="0" hostname="DESKTOP-URKGA8H" name="testcases_functionality.TC_GL_Codes" tests="3" failures="0" timestamp="03 Aug 2018 17:57:02 GMT" time="116.571" errors="0">
  <testcase name="Tc_Gl_Code_002" time="8.189" classname="testcases_functionality.TC_GL_Codes"/>
  <testcase name="Tc_Gl_Code_003" time="7.080" classname="testcases_functionality.TC_GL_Codes"/>
  <testcase name="Tc_Gl_Code_001" time="101.302" classname="testcases_functionality.TC_GL_Codes"/>
</testsuite> <!-- testcases_functionality.TC_GL_Codes -->
