<?xml version="1.0" encoding="UTF-8"?>
<!-- Generated by org.testng.reporters.JUnitReportReporter -->
<testsuite skipped="0" hostname="DESKTOP-URKGA8H" name="testcases_functionality.TC_InventoryTransformation" tests="3" failures="0" timestamp="04 Aug 2018 06:25:57 GMT" time="118.433" errors="0">
  <testcase name="Tc_InventoryItemTransaction_003" time="9.372" classname="testcases_functionality.TC_InventoryTransformation"/>
  <testcase name="Tc_InventoryItemTransaction_002" time="22.204" classname="testcases_functionality.TC_InventoryTransformation"/>
  <testcase name="Tc_InventoryItemTransaction_001" time="86.857" classname="testcases_functionality.TC_InventoryTransformation"/>
</testsuite> <!-- testcases_functionality.TC_InventoryTransformation -->
