<?xml version="1.0" encoding="UTF-8"?>
<!-- Generated by org.testng.reporters.JUnitReportReporter -->
<testsuite skipped="0" hostname="DESKTOP-URKGA8H" name="testcases_functionality.TC_PriceTire" tests="4" failures="0" timestamp="03 Aug 2018 17:37:28 GMT" time="134.869" errors="0">
  <testcase name="Tc_PriceTire_002" time="14.790" classname="testcases_functionality.TC_PriceTire"/>
  <testcase name="Tc_PriceTire_003" time="18.619" classname="testcases_functionality.TC_PriceTire"/>
  <testcase name="Tc_PriceTire_004" time="14.093" classname="testcases_functionality.TC_PriceTire"/>
  <testcase name="Tc_PriceTire_001" time="87.367" classname="testcases_functionality.TC_PriceTire"/>
</testsuite> <!-- testcases_functionality.TC_PriceTire -->
