<?xml version="1.0" encoding="UTF-8"?>
<!-- Generated by org.testng.reporters.JUnitReportReporter -->
<testsuite skipped="0" hostname="DESKTOP-URKGA8H" name="testcases_functionality.TC_PreferenceCards" tests="3" failures="0" timestamp="04 Aug 2018 05:26:29 GMT" time="204.646" errors="0">
  <testcase name="Tc_PreferenceCards_001" time="155.856" classname="testcases_functionality.TC_PreferenceCards"/>
  <testcase name="Tc_PreferenceCards_002" time="20.359" classname="testcases_functionality.TC_PreferenceCards"/>
  <testcase name="Tc_PreferenceCards_003" time="28.431" classname="testcases_functionality.TC_PreferenceCards"/>
</testsuite> <!-- testcases_functionality.TC_PreferenceCards -->
