<?xml version="1.0" encoding="UTF-8"?>
<!-- Generated by org.testng.reporters.JUnitReportReporter -->
<testsuite skipped="0" hostname="DESKTOP-URKGA8H" name="testcases_functionality.TC_Vendor" tests="4" failures="0" timestamp="03 Aug 2018 17:25:35 GMT" time="300.938" errors="0">
  <testcase name="Tc_Vendor_003" time="112.585" classname="testcases_functionality.TC_Vendor"/>
  <testcase name="Tc_Vendor_001" time="124.475" classname="testcases_functionality.TC_Vendor"/>
  <testcase name="Tc_Vendor_002" time="24.942" classname="testcases_functionality.TC_Vendor"/>
  <testcase name="Tc_Vendor_004" time="38.936" classname="testcases_functionality.TC_Vendor"/>
</testsuite> <!-- testcases_functionality.TC_Vendor -->
