<?xml version="1.0" encoding="UTF-8"?>
<!-- Generated by org.testng.reporters.JUnitReportReporter -->
<testsuite skipped="0" hostname="DESKTOP-URKGA8H" name="testcases_functionality.TC_Itemcatalog" tests="5" failures="0" timestamp="03 Aug 2018 17:04:42 GMT" time="366.962" errors="0">
  <testcase name="Tc_Itemcatalog_001" time="92.231" classname="testcases_functionality.TC_Itemcatalog"/>
  <testcase name="Tc_Itemcatalog_002" time="199.960" classname="testcases_functionality.TC_Itemcatalog"/>
  <testcase name="Tc_Itemcatalog_004" time="17.154" classname="testcases_functionality.TC_Itemcatalog"/>
  <testcase name="Tc_Itemcatalog_003" time="28.224" classname="testcases_functionality.TC_Itemcatalog"/>
  <testcase name="Tc_Itemcatalog_005" time="29.393" classname="testcases_functionality.TC_Itemcatalog"/>
</testsuite> <!-- testcases_functionality.TC_Itemcatalog -->
