<?xml version="1.0" encoding="UTF-8"?>
<!-- Generated by org.testng.reporters.JUnitReportReporter -->
<testsuite skipped="0" hostname="DESKTOP-URKGA8H" name="testcases_functionality.TC_NewsEvent" tests="1" failures="0" timestamp="04 Aug 2018 05:43:01 GMT" time="64.512" errors="0">
  <testcase name="TC_NewsEvent_001" time="64.512" classname="testcases_functionality.TC_NewsEvent"/>
</testsuite> <!-- testcases_functionality.TC_NewsEvent -->
