<?xml version="1.0" encoding="UTF-8"?>
<!-- Generated by org.testng.reporters.JUnitReportReporter -->
<testsuite skipped="0" hostname="DESKTOP-URKGA8H" name="testcases_functionality.TC_Switchuser" tests="1" failures="0" timestamp="03 Aug 2018 17:10:14 GMT" time="114.085" errors="0">
  <testcase name="Tc_Switchuser_003" time="114.085" classname="testcases_functionality.TC_Switchuser"/>
</testsuite> <!-- testcases_functionality.TC_Switchuser -->
