<?xml version="1.0" encoding="UTF-8"?>
<!-- Generated by org.testng.reporters.JUnitReportReporter -->
<testsuite skipped="0" hostname="DESKTOP-URKGA8H" name="testcases_functionality.TC_Alert" tests="1" failures="0" timestamp="07 Aug 2018 08:55:55 GMT" time="39.572" errors="0">
  <testcase name="Tc_Alert_001" time="39.572" classname="testcases_functionality.TC_Alert"/>
</testsuite> <!-- testcases_functionality.TC_Alert -->
