<?xml version="1.0" encoding="UTF-8"?>
<!-- Generated by org.testng.reporters.JUnitReportReporter -->
<testsuite skipped="0" hostname="DESKTOP-URKGA8H" name="testcases_functionality.TC_Changepassword" tests="1" failures="0" timestamp="03 Aug 2018 17:07:42 GMT" time="101.476" errors="0">
  <testcase name="Tc_changepassword_001" time="101.476" classname="testcases_functionality.TC_Changepassword"/>
</testsuite> <!-- testcases_functionality.TC_Changepassword -->
