<?xml version="1.0" encoding="UTF-8"?>
<!-- Generated by org.testng.reporters.JUnitReportReporter -->
<testsuite skipped="0" hostname="DESKTOP-URKGA8H" name="testcases_functionality.TC_ManageInventory" tests="6" failures="0" timestamp="04 Aug 2018 05:11:17 GMT" time="353.711" errors="0">
  <testcase name="TC_ManageInventory_003" time="28.882" classname="testcases_functionality.TC_ManageInventory"/>
  <testcase name="TC_ManageInventory_001" time="78.587" classname="testcases_functionality.TC_ManageInventory"/>
  <testcase name="TC_ManageInventory_002" time="67.239" classname="testcases_functionality.TC_ManageInventory"/>
  <testcase name="TC_ManageInventory_006" time="12.933" classname="testcases_functionality.TC_ManageInventory"/>
  <testcase name="TC_ManageInventory_004" time="69.103" classname="testcases_functionality.TC_ManageInventory"/>
  <testcase name="TC_ManageInventory_005" time="96.967" classname="testcases_functionality.TC_ManageInventory"/>
</testsuite> <!-- testcases_functionality.TC_ManageInventory -->
