<?xml version="1.0" encoding="UTF-8"?>
<!-- Generated by org.testng.reporters.JUnitReportReporter -->
<testsuite skipped="0" hostname="DESKTOP-URKGA8H" name="testcases_functionality.TC_Patients" tests="2" failures="0" timestamp="04 Aug 2018 05:34:15 GMT" time="216.489" errors="0">
  <testcase name="Tc_Patients_01" time="126.521" classname="testcases_functionality.TC_Patients"/>
  <testcase name="Tc_Patients_02" time="89.968" classname="testcases_functionality.TC_Patients"/>
</testsuite> <!-- testcases_functionality.TC_Patients -->
