<?xml version="1.0" encoding="UTF-8"?>
<!-- Generated by org.testng.reporters.JUnitReportReporter -->
<testsuite skipped="0" hostname="DESKTOP-URKGA8H" name="testcases_functionality.TC_VendorAcountSetup" tests="2" failures="0" timestamp="03 Aug 2018 17:28:49 GMT" time="145.310" errors="0">
  <testcase name="Tc_VendorAccSetup_001" time="119.106" classname="testcases_functionality.TC_VendorAcountSetup"/>
  <testcase name="Tc_VendorAccSetup_002" time="26.204" classname="testcases_functionality.TC_VendorAcountSetup"/>
</testsuite> <!-- testcases_functionality.TC_VendorAcountSetup -->
