<?xml version="1.0" encoding="UTF-8"?>
<!-- Generated by org.testng.reporters.JUnitReportReporter -->
<testsuite skipped="0" hostname="DESKTOP-URKGA8H" name="testcases_functionality.TC_Shop" tests="1" failures="0" timestamp="07 Aug 2018 06:01:04 GMT" time="833.146" errors="0">
  <testcase name="Tc_Shop_015" time="833.146" classname="testcases_functionality.TC_Shop"/>
</testsuite> <!-- testcases_functionality.TC_Shop -->
