<?xml version="1.0" encoding="UTF-8"?>
<!-- Generated by org.testng.reporters.JUnitReportReporter -->
<testsuite skipped="0" hostname="DESKTOP-URKGA8H" name="testcases_functionality.TC_Users" tests="2" failures="0" timestamp="03 Aug 2018 13:05:10 GMT" time="264.618" errors="0">
  <testcase name="Tc_User_002" time="194.806" classname="testcases_functionality.TC_Users"/>
  <testcase name="Tc_User_001" time="69.812" classname="testcases_functionality.TC_Users"/>
</testsuite> <!-- testcases_functionality.TC_Users -->
