<?xml version="1.0" encoding="UTF-8"?>
<!-- Generated by org.testng.reporters.JUnitReportReporter -->
<testsuite skipped="0" hostname="DESKTOP-URKGA8H" name="testcases_functionality.TC_Planner" tests="2" failures="0" timestamp="03 Aug 2018 02:57:57 GMT" time="147.666" errors="0">
  <testcase name="Tc_Planner_01" time="105.824" classname="testcases_functionality.TC_Planner"/>
  <testcase name="Tc_Planner_02" time="41.842" classname="testcases_functionality.TC_Planner"/>
</testsuite> <!-- testcases_functionality.TC_Planner -->
