<?xml version="1.0" encoding="UTF-8"?>
<!-- Generated by org.testng.reporters.JUnitReportReporter -->
<testsuite skipped="0" hostname="DESKTOP-URKGA8H" name="testcases_functionality.TC_Alert" tests="2" failures="0" timestamp="03 Aug 2018 03:17:36 GMT" time="149.468" errors="0">
  <testcase name="Tc_Alert_002" time="86.392" classname="testcases_functionality.TC_Alert"/>
  <testcase name="Tc_Alert_001" time="63.076" classname="testcases_functionality.TC_Alert"/>
</testsuite> <!-- testcases_functionality.TC_Alert -->
