<?xml version="1.0" encoding="UTF-8"?>
<!-- Generated by org.testng.reporters.JUnitReportReporter -->
<testsuite skipped="0" hostname="DESKTOP-URKGA8H" name="testcases_functionality.TC_Patients" tests="2" failures="0" timestamp="03 Aug 2018 02:54:50 GMT" time="176.114" errors="0">
  <testcase name="Tc_Patients_01" time="108.154" classname="testcases_functionality.TC_Patients"/>
  <testcase name="Tc_Patients_02" time="67.960" classname="testcases_functionality.TC_Patients"/>
</testsuite> <!-- testcases_functionality.TC_Patients -->
