<?xml version="1.0" encoding="UTF-8"?>
<!-- Generated by org.testng.reporters.JUnitReportReporter -->
<testsuite skipped="0" hostname="DESKTOP-URKGA8H" name="testcases_functionality.TC_Procedure" tests="2" failures="0" timestamp="03 Aug 2018 01:33:32 GMT" time="134.912" errors="0">
  <testcase name="Tc_Procedure_001" time="99.878" classname="testcases_functionality.TC_Procedure"/>
  <testcase name="Tc_Procedure_002" time="35.034" classname="testcases_functionality.TC_Procedure"/>
</testsuite> <!-- testcases_functionality.TC_Procedure -->
