<?xml version="1.0" encoding="UTF-8"?>
<!-- Generated by org.testng.reporters.JUnitReportReporter -->
<testsuite skipped="0" hostname="DESKTOP-URKGA8H" name="testcases_functionality.TC_CasesCosting" tests="1" failures="0" timestamp="03 Aug 2018 03:13:43 GMT" time="530.213" errors="0">
  <testcase name="Tc_CasesCosting_01" time="530.213" classname="testcases_functionality.TC_CasesCosting"/>
</testsuite> <!-- testcases_functionality.TC_CasesCosting -->
