<?xml version="1.0" encoding="UTF-8"?>
<!-- Generated by org.testng.reporters.JUnitReportReporter -->
<testsuite skipped="0" hostname="DESKTOP-URKGA8H" name="testcases_functionality.TC_Vendor" tests="4" failures="0" timestamp="02 Aug 2018 17:25:02 GMT" time="298.727" errors="0">
  <testcase name="Tc_Vendor_003" time="102.592" classname="testcases_functionality.TC_Vendor"/>
  <testcase name="Tc_Vendor_001" time="133.383" classname="testcases_functionality.TC_Vendor"/>
  <testcase name="Tc_Vendor_002" time="24.218" classname="testcases_functionality.TC_Vendor"/>
  <testcase name="Tc_Vendor_004" time="38.534" classname="testcases_functionality.TC_Vendor"/>
</testsuite> <!-- testcases_functionality.TC_Vendor -->
