<?xml version="1.0" encoding="UTF-8"?>
<!-- Generated by org.testng.reporters.JUnitReportReporter -->
<testsuite skipped="0" hostname="DESKTOP-URKGA8H" name="testcases_functionality.TC_News" tests="1" failures="0" timestamp="02 Aug 2018 17:37:09 GMT" time="148.371" errors="0">
  <testcase name="TC_News_001" time="148.371" classname="testcases_functionality.TC_News"/>
</testsuite> <!-- testcases_functionality.TC_News -->
