<?xml version="1.0" encoding="UTF-8"?>
<!-- Generated by org.testng.reporters.JUnitReportReporter -->
<testsuite skipped="0" hostname="DESKTOP-URKGA8H" name="testcases_functionality.TC_Changepassword" tests="1" failures="0" timestamp="02 Aug 2018 15:51:19 GMT" time="100.931" errors="0">
  <testcase name="Tc_changepassword_001" time="100.931" classname="testcases_functionality.TC_Changepassword"/>
</testsuite> <!-- testcases_functionality.TC_Changepassword -->
