<?xml version="1.0" encoding="UTF-8"?>
<!-- Generated by org.testng.reporters.JUnitReportReporter -->
<testsuite skipped="0" hostname="DESKTOP-URKGA8H" name="testcases_functionality.TC_PreferenceCards" tests="3" failures="0" timestamp="03 Aug 2018 02:45:58 GMT" time="409.982" errors="0">
  <testcase name="Tc_PreferenceCards_003" time="143.099" classname="testcases_functionality.TC_PreferenceCards"/>
  <testcase name="Tc_PreferenceCards_001" time="248.624" classname="testcases_functionality.TC_PreferenceCards"/>
  <testcase name="Tc_PreferenceCards_002" time="18.259" classname="testcases_functionality.TC_PreferenceCards"/>
</testsuite> <!-- testcases_functionality.TC_PreferenceCards -->
