<?xml version="1.0" encoding="UTF-8"?>
<!-- Generated by org.testng.reporters.JUnitReportReporter -->
<testsuite skipped="0" hostname="DESKTOP-URKGA8H" name="testcases_functionality.TC_Users" tests="2" failures="0" timestamp="02 Aug 2018 15:25:15 GMT" time="278.678" errors="0">
  <testcase name="Tc_User_002" time="198.014" classname="testcases_functionality.TC_Users"/>
  <testcase name="Tc_User_001" time="80.664" classname="testcases_functionality.TC_Users"/>
</testsuite> <!-- testcases_functionality.TC_Users -->
