<?xml version="1.0" encoding="UTF-8"?>
<!-- Generated by org.testng.reporters.JUnitReportReporter -->
<testsuite skipped="0" hostname="DESKTOP-URKGA8H" name="testcases_functionality.TC_Manufacturers" tests="1" failures="0" timestamp="02 Aug 2018 17:58:01 GMT" time="85.881" errors="0">
  <testcase name="TC_Manufacturers_001" time="85.881" classname="testcases_functionality.TC_Manufacturers"/>
</testsuite> <!-- testcases_functionality.TC_Manufacturers -->
