<?xml version="1.0" encoding="UTF-8"?>
<!-- Generated by org.testng.reporters.JUnitReportReporter -->
<testsuite skipped="0" hostname="DESKTOP-URKGA8H" name="testcases_functionality.TC_InventoryTransformation" tests="3" failures="0" timestamp="03 Aug 2018 03:22:54 GMT" time="253.963" errors="0">
  <testcase name="Tc_InventoryItemTransaction_002" time="162.985" classname="testcases_functionality.TC_InventoryTransformation"/>
  <testcase name="Tc_InventoryItemTransaction_003" time="10.121" classname="testcases_functionality.TC_InventoryTransformation"/>
  <testcase name="Tc_InventoryItemTransaction_001" time="80.857" classname="testcases_functionality.TC_InventoryTransformation"/>
</testsuite> <!-- testcases_functionality.TC_InventoryTransformation -->
