<?xml version="1.0" encoding="UTF-8"?>
<!-- Generated by org.testng.reporters.JUnitReportReporter -->
<testsuite skipped="0" hostname="DESKTOP-URKGA8H" name="testcases_functionality.TC_PriceTire" tests="4" failures="0" timestamp="02 Aug 2018 17:32:02 GMT" time="115.869" errors="0">
  <testcase name="Tc_PriceTire_002" time="10.278" classname="testcases_functionality.TC_PriceTire"/>
  <testcase name="Tc_PriceTire_003" time="17.505" classname="testcases_functionality.TC_PriceTire"/>
  <testcase name="Tc_PriceTire_004" time="11.282" classname="testcases_functionality.TC_PriceTire"/>
  <testcase name="Tc_PriceTire_001" time="76.804" classname="testcases_functionality.TC_PriceTire"/>
</testsuite> <!-- testcases_functionality.TC_PriceTire -->
