<?xml version="1.0" encoding="UTF-8"?>
<!-- Generated by org.testng.reporters.JUnitReportReporter -->
<testsuite skipped="0" hostname="DESKTOP-URKGA8H" name="testcases_functionality.TC_VendorAcountSetup" tests="2" failures="0" timestamp="02 Aug 2018 17:29:07 GMT" time="155.913" errors="0">
  <testcase name="Tc_VendorAccSetup_001" time="131.262" classname="testcases_functionality.TC_VendorAcountSetup"/>
  <testcase name="Tc_VendorAccSetup_002" time="24.651" classname="testcases_functionality.TC_VendorAcountSetup"/>
</testsuite> <!-- testcases_functionality.TC_VendorAcountSetup -->
