<?xml version="1.0" encoding="UTF-8"?>
<!-- Generated by org.testng.reporters.JUnitReportReporter -->
<testsuite skipped="0" hostname="DESKTOP-URKGA8H" name="testcases_functionality.TC_Physicians" tests="1" failures="0" timestamp="03 Aug 2018 01:22:30 GMT" time="76.060" errors="0">
  <testcase name="Tc_Physicians_001" time="76.060" classname="testcases_functionality.TC_Physicians"/>
</testsuite> <!-- testcases_functionality.TC_Physicians -->
