<?xml version="1.0" encoding="UTF-8"?>
<!-- Generated by org.testng.reporters.JUnitReportReporter -->
<testsuite skipped="0" hostname="DESKTOP-URKGA8H" name="testcases_functionality.TC_Manufacturers" tests="1" failures="0" timestamp="14 Sep 2018 08:44:16 GMT" time="80.548" errors="0">
  <testcase name="TC_Manufacturers_001" time="80.548" classname="testcases_functionality.TC_Manufacturers"/>
</testsuite> <!-- testcases_functionality.TC_Manufacturers -->
