<?xml version="1.0" encoding="UTF-8"?>
<!-- Generated by org.testng.reporters.JUnitReportReporter -->
<testsuite skipped="0" hostname="DESKTOP-URKGA8H" name="testCases.Cases" tests="2" failures="0" timestamp="24 Jul 2018 12:23:47 GMT" time="52.203" errors="0">
  <testcase name="Tc_Cases_02" time="12.212" classname="testCases.Cases"/>
  <testcase name="Tc_Cases_01" time="39.991" classname="testCases.Cases"/>
</testsuite> <!-- testCases.Cases -->
