<?xml version="1.0" encoding="UTF-8"?>
<!-- Generated by org.testng.reporters.JUnitReportReporter -->
<testsuite skipped="0" hostname="DESKTOP-URKGA8H" name="testcases_functionality.TC_InventoryTransformation" tests="3" failures="0" timestamp="17 Sep 2018 13:10:26 GMT" time="109.894" errors="0">
  <testcase name="Tc_InventoryItemTransaction_002" time="17.358" classname="testcases_functionality.TC_InventoryTransformation"/>
  <testcase name="Tc_InventoryItemTransaction_003" time="8.587" classname="testcases_functionality.TC_InventoryTransformation"/>
  <testcase name="Tc_InventoryItemTransaction_001" time="83.949" classname="testcases_functionality.TC_InventoryTransformation"/>
</testsuite> <!-- testcases_functionality.TC_InventoryTransformation -->
