<?xml version="1.0" encoding="UTF-8"?>
<!-- Generated by org.testng.reporters.JUnitReportReporter -->
<testsuite skipped="0" hostname="DESKTOP-URKGA8H" name="testcases_functionality.TC_Procedure" tests="2" failures="0" timestamp="14 Sep 2018 11:30:03 GMT" time="123.661" errors="0">
  <testcase name="Tc_Procedure_001" time="94.532" classname="testcases_functionality.TC_Procedure"/>
  <testcase name="Tc_Procedure_002" time="29.129" classname="testcases_functionality.TC_Procedure"/>
</testsuite> <!-- testcases_functionality.TC_Procedure -->
