<?xml version="1.0" encoding="UTF-8"?>
<!-- Generated by org.testng.reporters.JUnitReportReporter -->
<testsuite skipped="0" hostname="DESKTOP-URKGA8H" name="testcases_functionality.TC_Userprofile" tests="1" failures="0" timestamp="14 Sep 2018 07:52:36 GMT" time="68.722" errors="0">
  <testcase name="Tc_UserProfile_001" time="68.722" classname="testcases_functionality.TC_Userprofile"/>
</testsuite> <!-- testcases_functionality.TC_Userprofile -->
