<?xml version="1.0" encoding="UTF-8"?>
<!-- Generated by org.testng.reporters.JUnitReportReporter -->
<testsuite skipped="0" hostname="DESKTOP-URKGA8H" name="testcases_functionality.TC_ManageInventory" tests="6" failures="0" timestamp="17 Sep 2018 13:10:26 GMT" time="316.012" errors="0">
  <testcase name="TC_ManageInventory_005" time="73.805" classname="testcases_functionality.TC_ManageInventory"/>
  <testcase name="TC_ManageInventory_004" time="63.671" classname="testcases_functionality.TC_ManageInventory"/>
  <testcase name="TC_ManageInventory_001" time="94.905" classname="testcases_functionality.TC_ManageInventory"/>
  <testcase name="TC_ManageInventory_002" time="44.069" classname="testcases_functionality.TC_ManageInventory"/>
  <testcase name="TC_ManageInventory_006" time="8.621" classname="testcases_functionality.TC_ManageInventory"/>
  <testcase name="TC_ManageInventory_003" time="30.941" classname="testcases_functionality.TC_ManageInventory"/>
</testsuite> <!-- testcases_functionality.TC_ManageInventory -->
