<?xml version="1.0" encoding="UTF-8"?>
<!-- Generated by org.testng.reporters.JUnitReportReporter -->
<testsuite skipped="0" hostname="DESKTOP-URKGA8H" name="testCases.PrefCard" tests="11" failures="0" timestamp="24 Jul 2018 12:23:47 GMT" time="302.631" errors="0">
  <testcase name="Tc_prefCard_08" time="19.984" classname="testCases.PrefCard"/>
  <testcase name="Tc_prefCard_15" time="12.095" classname="testCases.PrefCard"/>
  <testcase name="Tc_prefCard_010" time="31.242" classname="testCases.PrefCard"/>
  <testcase name="Tc_prefCard_14" time="42.205" classname="testCases.PrefCard"/>
  <testcase name="Tc_prefCard_06" time="23.167" classname="testCases.PrefCard"/>
  <testcase name="Tc_prefCard_01" time="34.939" classname="testCases.PrefCard"/>
  <testcase name="Tc_prefCard_02" time="16.400" classname="testCases.PrefCard"/>
  <testcase name="Tc_prefCard_12" time="26.137" classname="testCases.PrefCard"/>
  <testcase name="Tc_prefCard_09" time="20.965" classname="testCases.PrefCard"/>
  <testcase name="Tc_prefCard_07" time="57.391" classname="testCases.PrefCard"/>
  <testcase name="Tc_prefCard_03_04" time="18.106" classname="testCases.PrefCard"/>
</testsuite> <!-- testCases.PrefCard -->
