<?xml version="1.0" encoding="UTF-8"?>
<!-- Generated by org.testng.reporters.JUnitReportReporter -->
<testsuite skipped="0" hostname="DESKTOP-URKGA8H" name="testcases_functionality.TC_Patients" tests="2" failures="0" timestamp="14 Sep 2018 11:45:49 GMT" time="178.151" errors="0">
  <testcase name="Tc_Patients_01" time="108.295" classname="testcases_functionality.TC_Patients"/>
  <testcase name="Tc_Patients_02" time="69.856" classname="testcases_functionality.TC_Patients"/>
</testsuite> <!-- testcases_functionality.TC_Patients -->
