<?xml version="1.0" encoding="UTF-8"?>
<!-- Generated by org.testng.reporters.JUnitReportReporter -->
<testsuite skipped="0" hostname="DESKTOP-URKGA8H" name="testCases.Organization" tests="1" failures="0" timestamp="24 Jul 2018 12:23:47 GMT" time="35.226" errors="0">
  <testcase name="TC_ORG_01" time="35.226" classname="testCases.Organization"/>
</testsuite> <!-- testCases.Organization -->
