<?xml version="1.0" encoding="UTF-8"?>
<!-- Generated by org.testng.reporters.JUnitReportReporter -->
<testsuite skipped="0" hostname="DESKTOP-URKGA8H" name="testcases_functionality.TC_Users" tests="2" failures="0" timestamp="14 Sep 2018 07:50:31 GMT" time="212.686" errors="0">
  <testcase name="Tc_User_002" time="160.130" classname="testcases_functionality.TC_Users"/>
  <testcase name="Tc_User_001" time="52.556" classname="testcases_functionality.TC_Users"/>
</testsuite> <!-- testcases_functionality.TC_Users -->
