<?xml version="1.0" encoding="UTF-8"?>
<!-- Generated by org.testng.reporters.JUnitReportReporter -->
<testsuite skipped="0" hostname="DESKTOP-URKGA8H" name="testcases_functionality.TC_Procedure" tests="2" failures="0" timestamp="17 Sep 2018 13:10:26 GMT" time="119.492" errors="0">
  <testcase name="Tc_Procedure_001" time="90.067" classname="testcases_functionality.TC_Procedure"/>
  <testcase name="Tc_Procedure_002" time="29.425" classname="testcases_functionality.TC_Procedure"/>
</testsuite> <!-- testcases_functionality.TC_Procedure -->
