<?xml version="1.0" encoding="UTF-8"?>
<!-- Generated by org.testng.reporters.JUnitReportReporter -->
<testsuite skipped="0" hostname="DESKTOP-URKGA8H" name="testCases.ManageInventory" tests="5" failures="0" timestamp="24 Jul 2018 12:23:47 GMT" time="161.785" errors="0">
  <testcase name="Tc_manageInv_07" time="10.962" classname="testCases.ManageInventory"/>
  <testcase name="Tc_manageInv_01" time="54.862" classname="testCases.ManageInventory"/>
  <testcase name="Tc_manageInv_05_06" time="13.663" classname="testCases.ManageInventory"/>
  <testcase name="Tc_manageInv_03" time="70.875" classname="testCases.ManageInventory"/>
  <testcase name="Tc_manageInv_02_09" time="11.423" classname="testCases.ManageInventory"/>
</testsuite> <!-- testCases.ManageInventory -->
