<?xml version="1.0" encoding="UTF-8"?>
<!-- Generated by org.testng.reporters.JUnitReportReporter -->
<testsuite skipped="0" hostname="DESKTOP-URKGA8H" name="testcases_functionality.TC_InventoryTransformation" tests="3" failures="0" timestamp="14 Sep 2018 12:01:38 GMT" time="107.043" errors="0">
  <testcase name="Tc_InventoryItemTransaction_003" time="8.141" classname="testcases_functionality.TC_InventoryTransformation"/>
  <testcase name="Tc_InventoryItemTransaction_002" time="17.564" classname="testcases_functionality.TC_InventoryTransformation"/>
  <testcase name="Tc_InventoryItemTransaction_001" time="81.338" classname="testcases_functionality.TC_InventoryTransformation"/>
</testsuite> <!-- testcases_functionality.TC_InventoryTransformation -->
