<?xml version="1.0" encoding="UTF-8"?>
<!-- Generated by org.testng.reporters.JUnitReportReporter -->
<testsuite skipped="0" hostname="DESKTOP-URKGA8H" name="testcases_functionality.TC_Vendor" tests="4" failures="0" timestamp="17 Sep 2018 13:10:26 GMT" time="199.456" errors="0">
  <testcase name="Tc_Vendor_001" time="83.583" classname="testcases_functionality.TC_Vendor"/>
  <testcase name="Tc_Vendor_004" time="20.596" classname="testcases_functionality.TC_Vendor"/>
  <testcase name="Tc_Vendor_003" time="75.437" classname="testcases_functionality.TC_Vendor"/>
  <testcase name="Tc_Vendor_002" time="19.840" classname="testcases_functionality.TC_Vendor"/>
</testsuite> <!-- testcases_functionality.TC_Vendor -->
