<?xml version="1.0" encoding="UTF-8"?>
<!-- Generated by org.testng.reporters.JUnitReportReporter -->
<testsuite skipped="0" hostname="DESKTOP-URKGA8H" name="testcases_functionality.TC_Users" tests="2" failures="0" timestamp="17 Sep 2018 13:10:26 GMT" time="234.566" errors="0">
  <testcase name="Tc_User_001" time="67.296" classname="testcases_functionality.TC_Users"/>
  <testcase name="Tc_User_002" time="167.270" classname="testcases_functionality.TC_Users"/>
</testsuite> <!-- testcases_functionality.TC_Users -->
