<?xml version="1.0" encoding="UTF-8"?>
<!-- Generated by org.testng.reporters.JUnitReportReporter -->
<testsuite skipped="0" hostname="DESKTOP-URKGA8H" name="testCases.Receive" tests="12" failures="0" timestamp="24 Jul 2018 12:23:47 GMT" time="258.955" errors="0">
  <testcase name="Tc_Receive_09" time="15.623" classname="testCases.Receive"/>
  <testcase name="Tc_Receive_11" time="14.885" classname="testCases.Receive"/>
  <testcase name="Tc_Receive_014" time="20.651" classname="testCases.Receive"/>
  <testcase name="Tc_Receive_10" time="16.122" classname="testCases.Receive"/>
  <testcase name="Tc_Receive_05_06" time="17.913" classname="testCases.Receive"/>
  <testcase name="Tc_Receive_12" time="16.071" classname="testCases.Receive"/>
  <testcase name="Tc_Receive_01" time="46.032" classname="testCases.Receive"/>
  <testcase name="Tc_Receive_21" time="15.299" classname="testCases.Receive"/>
  <testcase name="Tc_Receive_03" time="13.571" classname="testCases.Receive"/>
  <testcase name="Tc_Receive_07_19" time="23.059" classname="testCases.Receive"/>
  <testcase name="Tc_Receive_017" time="23.911" classname="testCases.Receive"/>
  <testcase name="Tc_Receive_20" time="35.818" classname="testCases.Receive"/>
</testsuite> <!-- testCases.Receive -->
