<?xml version="1.0" encoding="UTF-8"?>
<!-- Generated by org.testng.reporters.JUnitReportReporter -->
<testsuite skipped="0" hostname="DESKTOP-URKGA8H" name="testcases_functionality.TC_Inventorylocation" tests="3" failures="0" timestamp="14 Sep 2018 08:15:18 GMT" time="106.458" errors="0">
  <testcase name="Tc_Inventorylocation_002" time="5.444" classname="testcases_functionality.TC_Inventorylocation"/>
  <testcase name="Tc_Inventorylocation_003" time="7.727" classname="testcases_functionality.TC_Inventorylocation"/>
  <testcase name="Tc_Inventorylocation_001" time="93.287" classname="testcases_functionality.TC_Inventorylocation"/>
</testsuite> <!-- testcases_functionality.TC_Inventorylocation -->
