<?xml version="1.0" encoding="UTF-8"?>
<!-- Generated by org.testng.reporters.JUnitReportReporter -->
<testsuite skipped="0" hostname="DESKTOP-URKGA8H" name="testcases_functionality.TC_Template" tests="5" failures="0" timestamp="14 Sep 2018 10:50:50 GMT" time="426.970" errors="0">
  <testcase name="Tc_Template_002" time="86.320" classname="testcases_functionality.TC_Template"/>
  <testcase name="Tc_Template_003" time="31.267" classname="testcases_functionality.TC_Template"/>
  <testcase name="Tc_Template_001" time="201.817" classname="testcases_functionality.TC_Template"/>
  <testcase name="Tc_Template_004" time="12.400" classname="testcases_functionality.TC_Template"/>
  <testcase name="Tc_Template_005" time="95.166" classname="testcases_functionality.TC_Template"/>
</testsuite> <!-- testcases_functionality.TC_Template -->
