<?xml version="1.0" encoding="UTF-8"?>
<!-- Generated by org.testng.reporters.JUnitReportReporter -->
<testsuite skipped="0" hostname="DESKTOP-URKGA8H" name="testcases_functionality.TC_Itemcatalog" tests="5" failures="0" timestamp="14 Sep 2018 08:12:24 GMT" time="281.087" errors="0">
  <testcase name="Tc_Itemcatalog_001" time="62.720" classname="testcases_functionality.TC_Itemcatalog"/>
  <testcase name="Tc_Itemcatalog_002" time="154.695" classname="testcases_functionality.TC_Itemcatalog"/>
  <testcase name="Tc_Itemcatalog_003" time="28.544" classname="testcases_functionality.TC_Itemcatalog"/>
  <testcase name="Tc_Itemcatalog_004" time="9.934" classname="testcases_functionality.TC_Itemcatalog"/>
  <testcase name="Tc_Itemcatalog_005" time="25.194" classname="testcases_functionality.TC_Itemcatalog"/>
</testsuite> <!-- testcases_functionality.TC_Itemcatalog -->
