<?xml version="1.0" encoding="UTF-8"?>
<!-- Generated by org.testng.reporters.JUnitReportReporter -->
<testsuite skipped="0" hostname="DESKTOP-URKGA8H" name="testcases_functionality.TC_Alert" tests="2" failures="0" timestamp="17 Sep 2018 13:10:26 GMT" time="153.141" errors="0">
  <testcase name="Tc_Alert_001" time="65.747" classname="testcases_functionality.TC_Alert"/>
  <testcase name="Tc_Alert_002" time="87.394" classname="testcases_functionality.TC_Alert"/>
</testsuite> <!-- testcases_functionality.TC_Alert -->
