<?xml version="1.0" encoding="UTF-8"?>
<!-- Generated by org.testng.reporters.JUnitReportReporter -->
<testsuite skipped="0" hostname="DESKTOP-URKGA8H" name="testcases_functionality.TC_Planner" tests="2" failures="0" timestamp="17 Sep 2018 13:10:26 GMT" time="173.287" errors="0">
  <testcase name="Tc_Planner_01" time="160.402" classname="testcases_functionality.TC_Planner"/>
  <testcase name="Tc_Planner_02" time="12.885" classname="testcases_functionality.TC_Planner"/>
</testsuite> <!-- testcases_functionality.TC_Planner -->
