<?xml version="1.0" encoding="UTF-8"?>
<!-- Generated by org.testng.reporters.JUnitReportReporter -->
<testsuite skipped="0" hostname="DESKTOP-URKGA8H" name="testcases_functionality.TC_Alert" tests="2" failures="0" timestamp="14 Sep 2018 11:56:43 GMT" time="115.845" errors="0">
  <testcase name="Tc_Alert_002" time="54.730" classname="testcases_functionality.TC_Alert"/>
  <testcase name="Tc_Alert_001" time="61.115" classname="testcases_functionality.TC_Alert"/>
</testsuite> <!-- testcases_functionality.TC_Alert -->
