<?xml version="1.0" encoding="UTF-8"?>
<!-- Generated by org.testng.reporters.JUnitReportReporter -->
<testsuite skipped="0" hostname="DESKTOP-URKGA8H" name="testCases.OperatingRoom" tests="1" failures="0" timestamp="24 Jul 2018 12:23:47 GMT" time="60.067" errors="0">
  <testcase name="Tc_OP_01_02" time="60.067" classname="testCases.OperatingRoom"/>
</testsuite> <!-- testCases.OperatingRoom -->
