<?xml version="1.0" encoding="UTF-8"?>
<!-- Generated by org.testng.reporters.JUnitReportReporter -->
<testsuite skipped="0" hostname="DESKTOP-URKGA8H" name="testCases.Users" tests="5" failures="0" timestamp="24 Jul 2018 12:23:47 GMT" time="112.856" errors="0">
  <testcase name="Tc_Users_01" time="32.709" classname="testCases.Users"/>
  <testcase name="Tc_Users_02" time="41.746" classname="testCases.Users"/>
  <testcase name="Tc_Users_03_08" time="12.549" classname="testCases.Users"/>
  <testcase name="Tc_Users_04_08" time="14.213" classname="testCases.Users"/>
  <testcase name="Tc_Users_09" time="11.639" classname="testCases.Users"/>
</testsuite> <!-- testCases.Users -->
