<?xml version="1.0" encoding="UTF-8"?>
<!-- Generated by org.testng.reporters.JUnitReportReporter -->
<testsuite skipped="0" hostname="DESKTOP-URKGA8H" name="testCases.InvoicePage" tests="5" failures="0" timestamp="24 Jul 2018 12:23:47 GMT" time="486.769" errors="0">
  <testcase name="Tc_INV_02" time="12.627" classname="testCases.InvoicePage"/>
  <testcase name="Tc_INV_01" time="181.809" classname="testCases.InvoicePage"/>
  <testcase name="Tc_INV_04" time="184.068" classname="testCases.InvoicePage"/>
  <testcase name="Tc_INV_03" time="14.654" classname="testCases.InvoicePage"/>
  <testcase name="Tc_INV_09_10" time="93.611" classname="testCases.InvoicePage"/>
</testsuite> <!-- testCases.InvoicePage -->
