<?xml version="1.0" encoding="UTF-8"?>
<!-- Generated by org.testng.reporters.JUnitReportReporter -->
<testsuite skipped="0" hostname="DESKTOP-URKGA8H" name="testCases.Shipments" tests="4" failures="0" timestamp="24 Jul 2018 12:23:47 GMT" time="78.699" errors="0">
  <testcase name="Tc_SH_03" time="12.999" classname="testCases.Shipments"/>
  <testcase name="Tc_SH_04" time="17.864" classname="testCases.Shipments"/>
  <testcase name="Tc_SH_02" time="10.931" classname="testCases.Shipments"/>
  <testcase name="Tc_SH_01" time="36.905" classname="testCases.Shipments"/>
</testsuite> <!-- testCases.Shipments -->
