<?xml version="1.0" encoding="UTF-8"?>
<!-- Generated by org.testng.reporters.JUnitReportReporter -->
<testsuite skipped="0" hostname="DESKTOP-URKGA8H" name="testCases.ShopPage" tests="15" failures="0" timestamp="24 Jul 2018 12:23:47 GMT" time="485.318" errors="0">
  <testcase name="Tc_Shop_09" time="29.061" classname="testCases.ShopPage"/>
  <testcase name="Tc_Shop_1" time="40.429" classname="testCases.ShopPage"/>
  <testcase name="Tc_Shop_15" time="16.207" classname="testCases.ShopPage"/>
  <testcase name="Tc_Shop_21" time="65.739" classname="testCases.ShopPage"/>
  <testcase name="Tc_Shop_10" time="14.515" classname="testCases.ShopPage"/>
  <testcase name="Tc_Shop_7" time="13.674" classname="testCases.ShopPage"/>
  <testcase name="Tc_Shop_08" time="27.548" classname="testCases.ShopPage"/>
  <testcase name="Tc_Shop_17" time="13.591" classname="testCases.ShopPage"/>
  <testcase name="Tc_Shop_2_3" time="17.564" classname="testCases.ShopPage"/>
  <testcase name="Tc_Shop_5" time="31.955" classname="testCases.ShopPage"/>
  <testcase name="Tc_Shop_4" time="140.122" classname="testCases.ShopPage"/>
  <testcase name="Tc_Shop_16" time="12.873" classname="testCases.ShopPage"/>
  <testcase name="Tc_Shop_19" time="13.900" classname="testCases.ShopPage"/>
  <testcase name="Tc_Shop_6" time="21.684" classname="testCases.ShopPage"/>
  <testcase name="Tc_Shop_12" time="26.456" classname="testCases.ShopPage"/>
</testsuite> <!-- testCases.ShopPage -->
