<?xml version="1.0" encoding="UTF-8"?>
<!-- Generated by org.testng.reporters.JUnitReportReporter -->
<testsuite skipped="0" hostname="DESKTOP-URKGA8H" name="testcases_functionality.TC_Barcode" tests="1" failures="0" timestamp="17 Sep 2018 13:10:26 GMT" time="263.441" errors="0">
  <testcase name="Tc_Barcode_001" time="263.441" classname="testcases_functionality.TC_Barcode"/>
</testsuite> <!-- testcases_functionality.TC_Barcode -->
