<?xml version="1.0" encoding="UTF-8"?>
<!-- Generated by org.testng.reporters.JUnitReportReporter -->
<testsuite skipped="0" hostname="DESKTOP-URKGA8H" name="testCases.RequestService" tests="5" failures="0" timestamp="24 Jul 2018 12:23:47 GMT" time="117.808" errors="0">
  <testcase name="Tc_SPO_05" time="11.746" classname="testCases.RequestService"/>
  <testcase name="Tc_SPO_03" time="10.781" classname="testCases.RequestService"/>
  <testcase name="Tc_SPO_04" time="11.468" classname="testCases.RequestService"/>
  <testcase name="Tc_SPO_02" time="12.536" classname="testCases.RequestService"/>
  <testcase name="Tc_SPO_01" time="71.277" classname="testCases.RequestService"/>
</testsuite> <!-- testCases.RequestService -->
