<?xml version="1.0" encoding="UTF-8"?>
<!-- Generated by org.testng.reporters.JUnitReportReporter -->
<testsuite skipped="0" hostname="DESKTOP-URKGA8H" name="testcases_functionality.TC_VendorAcountSetup" tests="2" failures="0" timestamp="14 Sep 2018 08:26:02 GMT" time="108.148" errors="0">
  <testcase name="Tc_VendorAccSetup_001" time="82.751" classname="testcases_functionality.TC_VendorAcountSetup"/>
  <testcase name="Tc_VendorAccSetup_002" time="25.397" classname="testcases_functionality.TC_VendorAcountSetup"/>
</testsuite> <!-- testcases_functionality.TC_VendorAcountSetup -->
