<?xml version="1.0" encoding="UTF-8"?>
<!-- Generated by org.testng.reporters.JUnitReportReporter -->
<testsuite skipped="0" hostname="DESKTOP-URKGA8H" name="testCases.Procedures" tests="4" failures="0" timestamp="24 Jul 2018 12:23:47 GMT" time="164.077" errors="0">
  <testcase name="Tc_Procedures_07" time="80.279" classname="testCases.Procedures"/>
  <testcase name="Tc_Procedures_05_06" time="12.767" classname="testCases.Procedures"/>
  <testcase name="Tc_Procedures_01_02_03" time="52.957" classname="testCases.Procedures"/>
  <testcase name="Tc_Procedures_04" time="18.074" classname="testCases.Procedures"/>
</testsuite> <!-- testCases.Procedures -->
