<?xml version="1.0" encoding="UTF-8"?>
<!-- Generated by org.testng.reporters.JUnitReportReporter -->
<testsuite skipped="0" hostname="DESKTOP-URKGA8H" name="testcases_functionality.TC_DisplayPriority" tests="1" failures="0" timestamp="14 Sep 2018 08:31:55 GMT" time="63.223" errors="0">
  <testcase name="Tc_DisplayPriority_002" time="63.223" classname="testcases_functionality.TC_DisplayPriority"/>
</testsuite> <!-- testcases_functionality.TC_DisplayPriority -->
