<?xml version="1.0" encoding="UTF-8"?>
<!-- Generated by org.testng.reporters.JUnitReportReporter -->
<testsuite skipped="0" hostname="DESKTOP-URKGA8H" name="testcases_functionality.TC_Planner" tests="2" failures="0" timestamp="14 Sep 2018 11:48:07 GMT" time="100.629" errors="0">
  <testcase name="Tc_Planner_01" time="88.579" classname="testcases_functionality.TC_Planner"/>
  <testcase name="Tc_Planner_02" time="12.050" classname="testcases_functionality.TC_Planner"/>
</testsuite> <!-- testcases_functionality.TC_Planner -->
