<?xml version="1.0" encoding="UTF-8"?>
<!-- Generated by org.testng.reporters.JUnitReportReporter -->
<testsuite skipped="0" hostname="DESKTOP-URKGA8H" name="testcases_functionality.TC_VendorAcountSetup" tests="2" failures="0" timestamp="17 Sep 2018 13:10:26 GMT" time="107.678" errors="0">
  <testcase name="Tc_VendorAccSetup_001" time="83.853" classname="testcases_functionality.TC_VendorAcountSetup"/>
  <testcase name="Tc_VendorAccSetup_002" time="23.825" classname="testcases_functionality.TC_VendorAcountSetup"/>
</testsuite> <!-- testcases_functionality.TC_VendorAcountSetup -->
