<?xml version="1.0" encoding="UTF-8"?>
<!-- Generated by org.testng.reporters.JUnitReportReporter -->
<testsuite skipped="0" hostname="DESKTOP-URKGA8H" name="testCases.ReceiveDetails" tests="18" failures="0" timestamp="24 Jul 2018 12:23:47 GMT" time="497.159" errors="0">
  <testcase name="Tc_RECDET_11" time="17.231" classname="testCases.ReceiveDetails"/>
  <testcase name="Tc_RECDET_20" time="15.074" classname="testCases.ReceiveDetails"/>
  <testcase name="Tc_RECDET_13" time="22.769" classname="testCases.ReceiveDetails"/>
  <testcase name="Tc_RECDET_14" time="45.609" classname="testCases.ReceiveDetails"/>
  <testcase name="Tc_RECDET_17" time="20.864" classname="testCases.ReceiveDetails"/>
  <testcase name="Tc_RECDET_03_04" time="30.362" classname="testCases.ReceiveDetails"/>
  <testcase name="Tc_RECDET_10" time="17.519" classname="testCases.ReceiveDetails"/>
  <testcase name="Tc_RECDET_22_23" time="17.188" classname="testCases.ReceiveDetails"/>
  <testcase name="Tc_RECDET_08" time="24.659" classname="testCases.ReceiveDetails"/>
  <testcase name="Tc_RECDET_09" time="21.930" classname="testCases.ReceiveDetails"/>
  <testcase name="Tc_RECDET_19" time="18.052" classname="testCases.ReceiveDetails"/>
  <testcase name="Tc_RECDET_05" time="66.540" classname="testCases.ReceiveDetails"/>
  <testcase name="Tc_RECDET_06" time="42.118" classname="testCases.ReceiveDetails"/>
  <testcase name="Tc_RECDET_07" time="22.895" classname="testCases.ReceiveDetails"/>
  <testcase name="Tc_RECDET_21" time="14.780" classname="testCases.ReceiveDetails"/>
  <testcase name="Tc_RECDET_12" time="17.399" classname="testCases.ReceiveDetails"/>
  <testcase name="Tc_RECDET_01" time="50.840" classname="testCases.ReceiveDetails"/>
  <testcase name="Tc_RECDET_15_16" time="31.330" classname="testCases.ReceiveDetails"/>
</testsuite> <!-- testCases.ReceiveDetails -->
