<?xml version="1.0" encoding="UTF-8"?>
<!-- Generated by org.testng.reporters.JUnitReportReporter -->
<testsuite skipped="0" hostname="DESKTOP-URKGA8H" name="testcases_functionality.TC_ManageInventory" tests="6" failures="0" timestamp="14 Sep 2018 11:26:39 GMT" time="278.142" errors="0">
  <testcase name="TC_ManageInventory_006" time="9.495" classname="testcases_functionality.TC_ManageInventory"/>
  <testcase name="TC_ManageInventory_001" time="70.769" classname="testcases_functionality.TC_ManageInventory"/>
  <testcase name="TC_ManageInventory_004" time="67.518" classname="testcases_functionality.TC_ManageInventory"/>
  <testcase name="TC_ManageInventory_005" time="66.274" classname="testcases_functionality.TC_ManageInventory"/>
  <testcase name="TC_ManageInventory_002" time="40.846" classname="testcases_functionality.TC_ManageInventory"/>
  <testcase name="TC_ManageInventory_003" time="23.240" classname="testcases_functionality.TC_ManageInventory"/>
</testsuite> <!-- testcases_functionality.TC_ManageInventory -->
