<?xml version="1.0" encoding="UTF-8"?>
<!-- Generated by org.testng.reporters.JUnitReportReporter -->
<testsuite skipped="0" hostname="DESKTOP-URKGA8H" name="testcases_functionality.TC_Login" tests="1" failures="0" timestamp="08 Oct 2018 10:01:04 GMT" time="153.631" errors="0">
  <testcase name="Tc_Login_001" time="153.631" classname="testcases_functionality.TC_Login"/>
</testsuite> <!-- testcases_functionality.TC_Login -->
