<?xml version="1.0" encoding="UTF-8"?>
<!-- Generated by org.testng.reporters.JUnitReportReporter -->
<testsuite skipped="0" hostname="DESKTOP-URKGA8H" name="testcases_functionality.TC_Notification" tests="1" failures="0" timestamp="14 Sep 2018 08:00:59 GMT" time="55.626" errors="0">
  <testcase name="Tc_Notification_001" time="55.626" classname="testcases_functionality.TC_Notification"/>
</testsuite> <!-- testcases_functionality.TC_Notification -->
