<?xml version="1.0" encoding="UTF-8"?>
<!-- Generated by org.testng.reporters.JUnitReportReporter -->
<testsuite skipped="0" hostname="DESKTOP-URKGA8H" name="testcases_functionality.TC_RequestService" tests="2" failures="0" timestamp="17 Sep 2018 13:10:26 GMT" time="400.073" errors="0">
  <testcase name="TC_RequestService_002" time="53.461" classname="testcases_functionality.TC_RequestService"/>
  <testcase name="TC_RequestService_001" time="346.612" classname="testcases_functionality.TC_RequestService"/>
</testsuite> <!-- testcases_functionality.TC_RequestService -->
