<?xml version="1.0" encoding="UTF-8"?>
<!-- Generated by org.testng.reporters.JUnitReportReporter -->
<testsuite skipped="0" hostname="DESKTOP-URKGA8H" name="testCases.Planner" tests="2" failures="0" timestamp="24 Jul 2018 12:23:47 GMT" time="56.137" errors="0">
  <testcase name="Tc_Planner_02" time="11.480" classname="testCases.Planner"/>
  <testcase name="Tc_Planner_01" time="44.657" classname="testCases.Planner"/>
</testsuite> <!-- testCases.Planner -->
