<?xml version="1.0" encoding="UTF-8"?>
<!-- Generated by org.testng.reporters.JUnitReportReporter -->
<testsuite skipped="0" hostname="DESKTOP-URKGA8H" name="testCases.Patients" tests="7" failures="0" timestamp="24 Jul 2018 12:23:47 GMT" time="198.785" errors="0">
  <testcase name="Tc_Patients_07" time="50.517" classname="testCases.Patients"/>
  <testcase name="Tc_Patients_01_02" time="35.713" classname="testCases.Patients"/>
  <testcase name="Tc_Patients_11" time="14.047" classname="testCases.Patients"/>
  <testcase name="Tc_Patients_08_09" time="31.425" classname="testCases.Patients"/>
  <testcase name="Tc_Patients_03" time="13.304" classname="testCases.Patients"/>
  <testcase name="Tc_Patients_05" time="13.477" classname="testCases.Patients"/>
  <testcase name="Tc_Patients_10" time="40.302" classname="testCases.Patients"/>
</testsuite> <!-- testCases.Patients -->
